  % Total    % Received % Xferd  Average Speed   Time    Time     Time  Current
                                 Dload  Upload   Total   Spent    Left  Speed
  0     0    0     0    0     0      0      0 --:--:-- --:--:-- --:--:--     0* Host docs.google.com:443 was resolved.
* IPv6: 2607:f8b0:4008:808::200e
* IPv4: 142.250.217.206
*   Trying 142.250.217.206:443...
  0     0    0     0    0     0      0      0 --:--:-- --:--:-- --:--:--     0* Connected to docs.google.com (142.250.217.206) port 443
* ALPN: curl offers h2,http/1.1
} [5 bytes data]
* TLSv1.3 (OUT), TLS handshake, Client hello (1):
} [512 bytes data]
*  CAfile: /etc/ssl/certs/ca-certificates.crt
*  CApath: /etc/ssl/certs
{ [5 bytes data]
* TLSv1.3 (IN), TLS handshake, Server hello (2):
{ [122 bytes data]
* TLSv1.3 (IN), TLS handshake, Encrypted Extensions (8):
{ [15 bytes data]
* TLSv1.3 (IN), TLS handshake, Certificate (11):
{ [6298 bytes data]
* TLSv1.3 (IN), TLS handshake, CERT verify (15):
{ [80 bytes data]
* TLSv1.3 (IN), TLS handshake, Finished (20):
{ [52 bytes data]
* TLSv1.3 (OUT), TLS change cipher, Change cipher spec (1):
} [1 bytes data]
* TLSv1.3 (OUT), TLS handshake, Finished (20):
} [52 bytes data]
* SSL connection using TLSv1.3 / TLS_AES_256_GCM_SHA384 / X25519 / id-ecPublicKey
* ALPN: server accepted h2
* Server certificate:
*  subject: CN=*.google.com
*  start date: Dec  2 08:35:57 2024 GMT
*  expire date: Feb 24 08:35:56 2025 GMT
*  subjectAltName: host "docs.google.com" matched cert's "*.google.com"
*  issuer: C=US; O=Google Trust Services; CN=WR2
*  SSL certificate verify ok.
*   Certificate level 0: Public key type EC/prime256v1 (256/128 Bits/secBits), signed using sha256WithRSAEncryption
*   Certificate level 1: Public key type RSA (2048/112 Bits/secBits), signed using sha256WithRSAEncryption
*   Certificate level 2: Public key type RSA (4096/152 Bits/secBits), signed using sha384WithRSAEncryption
} [5 bytes data]
* using HTTP/2
* [HTTP/2] [1] OPENED stream for https://docs.google.com/spreadsheets/d/13U87Sm6e6Fh1SWipl_y_Hi6r2zxfYLyTwjMMZoLjMl4/export?format=xlsx
* [HTTP/2] [1] [:method: GET]
* [HTTP/2] [1] [:scheme: https]
* [HTTP/2] [1] [:authority: docs.google.com]
* [HTTP/2] [1] [:path: /spreadsheets/d/13U87Sm6e6Fh1SWipl_y_Hi6r2zxfYLyTwjMMZoLjMl4/export?format=xlsx]
* [HTTP/2] [1] [user-agent: curl/8.5.0]
* [HTTP/2] [1] [accept: */*]
} [5 bytes data]
> GET /spreadsheets/d/13U87Sm6e6Fh1SWipl_y_Hi6r2zxfYLyTwjMMZoLjMl4/export?format=xlsx HTTP/2
> Host: docs.google.com
> User-Agent: curl/8.5.0
> Accept: */*
> 
{ [5 bytes data]
* TLSv1.3 (IN), TLS handshake, Newsession Ticket (4):
{ [282 bytes data]
* TLSv1.3 (IN), TLS handshake, Newsession Ticket (4):
{ [282 bytes data]
* old SSL session ID is stale, removing
{ [5 bytes data]
< HTTP/2 307 
< content-type: text/html; charset=UTF-8
< x-robots-tag: noindex, nofollow, nosnippet
< cache-control: no-cache, no-store, max-age=0, must-revalidate
< pragma: no-cache
< expires: Mon, 01 Jan 1990 00:00:00 GMT
< date: Sat, 04 Jan 2025 11:15:29 GMT
< location: https://doc-00-bg-sheets.googleusercontent.com/export/54bogvaave6cua4cdnls17ksc4/al2jqhjmuem9ubv25nfq0i9m8k/1735989325000/116651206722743729169/*/13U87Sm6e6Fh1SWipl_y_Hi6r2zxfYLyTwjMMZoLjMl4?format=xlsx
< p3p: CP="This is not a P3P policy! See g.co/p3phelp for more info."
< content-security-policy: require-trusted-types-for 'script';report-uri https://csp.withgoogle.com/csp/docs-tt
< content-security-policy: frame-ancestors 'self' https://docs.google.com
< content-security-policy: base-uri 'self';object-src 'self';report-uri https://docs.google.com/spreadsheets/cspreport;script-src 'nonce-QaiOZXBEJBaAUrD3szUFWg' 'unsafe-inline' 'strict-dynamic' https: http: 'unsafe-eval';worker-src 'self' blob:
< x-frame-options: ALLOW-FROM https://docs.google.com
< x-content-type-options: nosniff
< x-xss-protection: 1; mode=block
< server: GSE
< set-cookie: NID=520=UDTlIZwPs1-pvrtAuh_sTJE3IoJ5MTd5m__4K4it3uU8L1APwyM12PRHJaUU75gxP_no7DNr1Qmquy-2N7sqoe_CvxF4f-foZ1V442rA3fqTkwTKkjKsvG9UzLpXWX3oWp6riEqGwphNIEoMesyofBDdjahk_3rsNrfXxQn1ErwOA-BJwA; expires=Sun, 06-Jul-2025 11:15:29 GMT; path=/; domain=.google.com; HttpOnly
< set-cookie: COMPASS=apps-spreadsheets=CmUACWuJV5AUFweluq9jfuJ6o7mC478FBCplYCw2fRRECkb95j5SiJ6JI5T9FZXEeOSqYKex2WcVYpVDufxlUkpKryFvqpSVmpbm8C68PPeXWAinnM-ta6PICyTc-vCdCQDzuLNz-BDhzOS7Bhp2AAlriVd0vsn4K9rWcwMhdusTX2-mf9-m8PKVLfxyi-bvJH40mfpxcB59KJudRGpirFaiGAx1nm8dTDrEtduhVpiB0QbMCICwYPjr_XxQ7LSL2iVgs0_qiHLTt5M_SjwNwWjzNmmw5Znu5f4vg47BVYEBYWSEqw==; Domain=.docs.google.com; Expires=Sat, 04-Jan-2025 12:15:29 GMT; Path=/spreadsheets/d/13U87Sm6e6Fh1SWipl_y_Hi6r2zxfYLyTwjMMZoLjMl4; Secure; HttpOnly; SameSite=none
< alt-svc: h3=":443"; ma=2592000,h3-29=":443"; ma=2592000
< accept-ranges: none
< vary: Accept-Encoding
< x-l2-request-path: l2-managed-6
< 
* Ignoring the response-body
100   413    0   413    0     0    582      0 --:--:-- --:--:-- --:--:--   583
* Connection #0 to host docs.google.com left intact
* Issue another request to this URL: 'https://doc-00-bg-sheets.googleusercontent.com/export/54bogvaave6cua4cdnls17ksc4/al2jqhjmuem9ubv25nfq0i9m8k/1735989325000/116651206722743729169/*/13U87Sm6e6Fh1SWipl_y_Hi6r2zxfYLyTwjMMZoLjMl4?format=xlsx'
* Host doc-00-bg-sheets.googleusercontent.com:443 was resolved.
* IPv6: 2607:f8b0:4008:814::2001
* IPv4: 142.250.64.225
*   Trying 142.250.64.225:443...
* Connected to doc-00-bg-sheets.googleusercontent.com (142.250.64.225) port 443
* ALPN: curl offers h2,http/1.1
} [5 bytes data]
* TLSv1.3 (OUT), TLS handshake, Client hello (1):
} [512 bytes data]
*  CAfile: /etc/ssl/certs/ca-certificates.crt
*  CApath: /etc/ssl/certs
{ [5 bytes data]
* TLSv1.3 (IN), TLS handshake, Server hello (2):
{ [122 bytes data]
* TLSv1.3 (IN), TLS handshake, Encrypted Extensions (8):
{ [15 bytes data]
* TLSv1.3 (IN), TLS handshake, Certificate (11):
{ [8910 bytes data]
* TLSv1.3 (IN), TLS handshake, CERT verify (15):
{ [79 bytes data]
* TLSv1.3 (IN), TLS handshake, Finished (20):
{ [52 bytes data]
* TLSv1.3 (OUT), TLS change cipher, Change cipher spec (1):
} [1 bytes data]
* TLSv1.3 (OUT), TLS handshake, Finished (20):
} [52 bytes data]
* SSL connection using TLSv1.3 / TLS_AES_256_GCM_SHA384 / X25519 / id-ecPublicKey
* ALPN: server accepted h2
* Server certificate:
*  subject: CN=*.googleusercontent.com
*  start date: Dec  2 08:36:53 2024 GMT
*  expire date: Feb 24 08:36:52 2025 GMT
*  subjectAltName: host "doc-00-bg-sheets.googleusercontent.com" matched cert's "*.googleusercontent.com"
*  issuer: C=US; O=Google Trust Services; CN=WR2
*  SSL certificate verify ok.
*   Certificate level 0: Public key type EC/prime256v1 (256/128 Bits/secBits), signed using sha256WithRSAEncryption
*   Certificate level 1: Public key type RSA (2048/112 Bits/secBits), signed using sha256WithRSAEncryption
*   Certificate level 2: Public key type RSA (4096/152 Bits/secBits), signed using sha384WithRSAEncryption
} [5 bytes data]
* using HTTP/2
* [HTTP/2] [1] OPENED stream for https://doc-00-bg-sheets.googleusercontent.com/export/54bogvaave6cua4cdnls17ksc4/al2jqhjmuem9ubv25nfq0i9m8k/1735989325000/116651206722743729169/*/13U87Sm6e6Fh1SWipl_y_Hi6r2zxfYLyTwjMMZoLjMl4?format=xlsx
* [HTTP/2] [1] [:method: GET]
* [HTTP/2] [1] [:scheme: https]
* [HTTP/2] [1] [:authority: doc-00-bg-sheets.googleusercontent.com]
* [HTTP/2] [1] [:path: /export/54bogvaave6cua4cdnls17ksc4/al2jqhjmuem9ubv25nfq0i9m8k/1735989325000/116651206722743729169/*/13U87Sm6e6Fh1SWipl_y_Hi6r2zxfYLyTwjMMZoLjMl4?format=xlsx]
* [HTTP/2] [1] [user-agent: curl/8.5.0]
* [HTTP/2] [1] [accept: */*]
} [5 bytes data]
> GET /export/54bogvaave6cua4cdnls17ksc4/al2jqhjmuem9ubv25nfq0i9m8k/1735989325000/116651206722743729169/*/13U87Sm6e6Fh1SWipl_y_Hi6r2zxfYLyTwjMMZoLjMl4?format=xlsx HTTP/2
> Host: doc-00-bg-sheets.googleusercontent.com
> User-Agent: curl/8.5.0
> Accept: */*
> 
{ [5 bytes data]
* TLSv1.3 (IN), TLS handshake, Newsession Ticket (4):
{ [282 bytes data]
* TLSv1.3 (IN), TLS handshake, Newsession Ticket (4):
{ [282 bytes data]
* old SSL session ID is stale, removing
{ [5 bytes data]
< HTTP/2 200 
< content-type: application/vnd.openxmlformats-officedocument.spreadsheetml.sheet
< x-robots-tag: noindex, nofollow, nosnippet
< cache-control: no-cache, no-store, max-age=0, must-revalidate
< pragma: no-cache
< expires: Mon, 01 Jan 1990 00:00:00 GMT
< date: Sat, 04 Jan 2025 11:15:31 GMT
< content-disposition: attachment; filename="countries.json.xlsx"; filename*=UTF-8''countries.json.xlsx
< access-control-allow-origin: *
< access-control-expose-headers: Cache-Control,Content-Disposition,Content-Length,Content-Type,Date,Expires,Pragma,Server,Transfer-Encoding
< content-security-policy: require-trusted-types-for 'script';report-uri https://csp.withgoogle.com/csp/docs-tt
< content-security-policy: frame-ancestors 'self' https://docs.google.com
< content-security-policy: base-uri 'self';object-src 'self';report-uri https://doc-00-bg-sheets.googleusercontent.com/spreadsheets/cspreport;script-src 'nonce-O7IWIueidJfbSMd8KFRFLw' 'unsafe-inline' 'strict-dynamic' https: http: 'unsafe-eval';worker-src 'self' blob:
< reporting-endpoints: default="/web-reports?bl=editors.spreadsheets-frontend_20241210.02_p8&context=eJwV0HtY1MUaB_Dx95sZL7sLuywLaHhBAhQB2VUSuUhclosayNGan1LHTDAVUwNUvODBO0-pmGYkqWAsiC4YRw9KIuoDiqVFGKl5FI2TqNxE0jWQ1PPtj8_zzrwz7_O-M0POu0T3v0N-goJBgkiDBVmtEqQcTqgFMWoFKYK3dYKMcBDEyyDIBTjnLIiPiyDFoH1NkHdcBfEdIYgFkt0FOespSL-3IBofQXQwzleQ3X6CbDUKkjdBkK_AEiBIZaAgbZMFKQsTpAYemAXpjROkPl6Q6-ClCDIJ5NmC6KFxjiC_wbT3BEmCG_NQA6M-EGRwsiBDYWKqIFHQsQIzgD5TkF-zBXkIUZsEmQWBOwSJhcSdgsyDG_AAPvlCkHzwyBMkAKxfClINL8FunyBzijC7BXmoOyxIE2QdEyQHHCsEeR3qqpGH4DOYE5prBOmChnOC3IHwK-gLzo14H9y9Lkg3WG-gF5y8ifdD7R1BfoYRLYL4Qd49QQ6De6sgE-A41EI9XIeH9_F3ML9PkHQIlxWSCCuoQrbAsCEK8YbxEAavtAqx1ykkxl0hApI8FZIKzuMU4gWayQoZDueDFNIISSE4h6pQhXwH-giFuMPNGIW0wbFYhZwF_TTkYUe8Qg5AM3RBVgJykDUHESYmKyQK3lqokPegZrFCfgTNUvSFx-kKIRkK2QCfwYRVCokEz0yFvAF8nUKcwDtbIUFw13CVmLw7pCB49GGP9Ayu1fVIzbDa8w_pVssf0u_Q7PdEaoUOP5v0BK752ySb0Sa9gOhYmxQPi7Js0scQlW2TpsPMjTYpCf532ia1Q0rqn9JHUBnSK9VAdmivlAPRC3qleBj5aa_kBZud-qTt0LSmT7oFn1zuk3aDsbFPmgwJDs8lAc0bn0ut0FD4XLoOI8gryROyXV9JOVCV-Uo6D95rXkkmOGFP5GqYlUbkd0FqIfKQv6UMkFu_HiD3Fg2QiWWAXL1dkuvgRKEkV4N0UZJlKssq-HyMLO-HmJmynABNs2T5FuRukOU8eGubLCuwplWWN8JYNyobYXt3EP0cfNuDaQAceBRMiyHVFkzTwZYQQuvzQmgD2MpC6AtoHBtKeyeFUhIYSu_nhdIemPT6FBoG101T6B14njyFSilTaC0Lo5fhxc4wynLDqOf3YdQPcsSbdBf84BpOfwFDXDgdBc1Tw2krTOgKp8Hg4R9BA2BxRARNg3vbI-hTsFgjaFdZBGaKoBXOkbQKPBMjqR_YlkXSF_Dpyki6B-KyImki3MiNpHfhWmkkbYVH30TSZ_DR8Ui6AmyPUQc_u0XR_8Jazyj6KYwpjaL-cKw7ip4En8dRdCJMg5mQDTlQAxfBuSeKjgQ3GPv32sdMveCvt82UvmOm0xeb6SxY8bGZZsGJNDOtA7rSTNVwcLeZlsDZvWbaAE35Zvo7qM-aqSOsvGSmzVfNtBXO3zfT70DjFk0NEBUQTaeDeD-azoUlS6LpOgjNjaZmOLonmp6Glspo2gPn1sfQn6DyVgy9CMcfxtBamNsbQz-Ebw2x1NUplvrAoeGx9N9woz6WPoDB12OpI6xmcXQD5OnjaAG8cImjg4bG0cKBU2kp1A-ZShvgIfRCUkIBq_tHAbsC4xcUsDCoW4g9lC4qYFWQc6qA7QL12QLmCh4xhcwXfoK78MmhQpYPl4oK2e67hazvSSEb8LSQnYJLsLEXd2DOnENsMRTPP8QqIejVIRYBZyxfswvQ5FjEbkGWcxHbAa-lFTF3-E9-EbsAn3UXsX0wcKSFOcMpuAR9UywsK8rC7i-xsEegX2Vh7hAOiTDjqoW9D_tgtFzMTOA6spi9DsZxiPHFbCIM31LMPGBTaTHbA9NuF7Mk-Ca8hJ2DD6aVMK_pJWw8nF1fwhpgc00JywVT2WEWAS3QBgt_PMzSWw6zTXBcLmVsZCnTgFNIKfOEtg2l7CmsryxlW-H2qVLWCR7aIywA3mw8wmZAft5RZv_gKHOGg21HWQkc7EeE5hdHWSss0lrZatjsa2W5MHialenAGG9lk2FogpWNhbpkK7sCkeutLB627LWyHXC11MpuQvKoMpYBf2SXMWlDGQu6WMaq4Qqcqi9jl8DYVsbC4cCYclYM_d7lTB5XzjwmlbMA8E4tZyaoWlHOvoNfV5ez3yCuqpxtnX-M7QTj8mNseFg784CKlHZWBTnr29mXUAgVELOznRmPtLNweFrezv6CQY3tTAtb3u1geyH4-w4WDbW3OthleNOtk82AQWGdTAunv-1ktdB2vpP1wMjaTuYFW-s62X5IftbJMv62pYutg2f7uthLGH2gi5lAl9LN3ODIqm4mbe1mLlAToOI_gnq2ijtC7jcqXgChl1W8Ae6A3KTiehjcquI6WHpfxX95quK3wfSnikfAzOcqroBxiZo3LlXzX4FtVvNHeWr-DIq-VHMr9O9TczlfzU99peZnoOIm7tpr-G-Q567hh0H4a3jOUg3fBS_XarjdOpxnafhjUFdquCOkd2h4JsweZsenB9rxd-HpTjv-F2zfY8f3Q_pxOx58z44nwkGTPS-Bmwvs-Xs37HkKrG6156TDnmth_hN7ngonp2v5iBlaPgXi4YtiLT8IjUe0_Bp8f1PLG6Dlvpb3wOxeLf8nHO_X8tOwyk3Ht8H7o3V8uLuOy946roKBkTpuDz6zdTwEapN0_DIMuqDjLhB0WccjIPUHHV8LJ-7qeB2c8XXgP0CC2YEL-Nc8B74NDq5x4JlZDjwb1jZib6_nJeASqOejQF6u53o4nannteB9Vc9TmvQ88bYjXwBejxz5JPB97MgDoP5PR94AssbA9fBSZ-DcwcCLxhv4CfA-auAmcLAa-DDoOGng_TCw1cCHQ8VDA88e6sR3gWuhE3eDQIsT_2ilM88Cl1QX7qAa1FRxr5prq37Jf2MYN2cuX5aWMdonJXlRxrK0dL_05Wkp85LTF6akZKT7LkhbtjQjZWnyXJO_aaLRZPT38zfNXR74f6GvYXs&build-label=editors.spreadsheets-frontend_20241210.02_p8&imp-sid=CNfyqJv424oDFc-sqwcd3iMKyQ&is-cached-offline=false"
< x-frame-options: ALLOW-FROM https://docs.google.com
< x-content-type-options: nosniff
< x-xss-protection: 1; mode=block
< server: GSE
< alt-svc: h3=":443"; ma=2592000,h3-29=":443"; ma=2592000
< x-l2-request-path: l2-managed-6
< 
{ [8259 bytes data]
100  8259    0  8259    0     0   3828      0 --:--:--  0:00:02 --:--:--  3828100  275k    0  275k    0     0   117k      0 --:--:--  0:00:02 --:--:-- 1462k
* Connection #1 to host doc-00-bg-sheets.googleusercontent.com left intact
