  % Total    % Received % Xferd  Average Speed   Time    Time     Time  Current
                                 Dload  Upload   Total   Spent    Left  Speed
  0     0    0     0    0     0      0      0 --:--:-- --:--:-- --:--:--     0* Host docs.google.com:443 was resolved.
* IPv6: 2607:f8b0:4008:801::200e
* IPv4: 192.178.50.46
*   Trying 192.178.50.46:443...
* Connected to docs.google.com (192.178.50.46) port 443
* ALPN: curl offers h2,http/1.1
} [5 bytes data]
* TLSv1.3 (OUT), TLS handshake, Client hello (1):
} [512 bytes data]
*  CAfile: /etc/ssl/certs/ca-certificates.crt
*  CApath: /etc/ssl/certs
  0     0    0     0    0     0      0      0 --:--:-- --:--:-- --:--:--     0{ [5 bytes data]
* TLSv1.3 (IN), TLS handshake, Server hello (2):
{ [122 bytes data]
* TLSv1.3 (IN), TLS handshake, Encrypted Extensions (8):
{ [15 bytes data]
* TLSv1.3 (IN), TLS handshake, Certificate (11):
{ [6298 bytes data]
* TLSv1.3 (IN), TLS handshake, CERT verify (15):
{ [78 bytes data]
* TLSv1.3 (IN), TLS handshake, Finished (20):
{ [52 bytes data]
* TLSv1.3 (OUT), TLS change cipher, Change cipher spec (1):
} [1 bytes data]
* TLSv1.3 (OUT), TLS handshake, Finished (20):
} [52 bytes data]
* SSL connection using TLSv1.3 / TLS_AES_256_GCM_SHA384 / X25519 / id-ecPublicKey
* ALPN: server accepted h2
* Server certificate:
*  subject: CN=*.google.com
*  start date: Dec  2 08:35:57 2024 GMT
*  expire date: Feb 24 08:35:56 2025 GMT
*  subjectAltName: host "docs.google.com" matched cert's "*.google.com"
*  issuer: C=US; O=Google Trust Services; CN=WR2
*  SSL certificate verify ok.
*   Certificate level 0: Public key type EC/prime256v1 (256/128 Bits/secBits), signed using sha256WithRSAEncryption
*   Certificate level 1: Public key type RSA (2048/112 Bits/secBits), signed using sha256WithRSAEncryption
*   Certificate level 2: Public key type RSA (4096/152 Bits/secBits), signed using sha384WithRSAEncryption
} [5 bytes data]
* using HTTP/2
* [HTTP/2] [1] OPENED stream for https://docs.google.com/spreadsheets/d/13U87Sm6e6Fh1SWipl_y_Hi6r2zxfYLyTwjMMZoLjMl4/export?format=xlsx
* [HTTP/2] [1] [:method: GET]
* [HTTP/2] [1] [:scheme: https]
* [HTTP/2] [1] [:authority: docs.google.com]
* [HTTP/2] [1] [:path: /spreadsheets/d/13U87Sm6e6Fh1SWipl_y_Hi6r2zxfYLyTwjMMZoLjMl4/export?format=xlsx]
* [HTTP/2] [1] [user-agent: curl/8.5.0]
* [HTTP/2] [1] [accept: */*]
} [5 bytes data]
> GET /spreadsheets/d/13U87Sm6e6Fh1SWipl_y_Hi6r2zxfYLyTwjMMZoLjMl4/export?format=xlsx HTTP/2
> Host: docs.google.com
> User-Agent: curl/8.5.0
> Accept: */*
> 
{ [5 bytes data]
* TLSv1.3 (IN), TLS handshake, Newsession Ticket (4):
{ [282 bytes data]
* TLSv1.3 (IN), TLS handshake, Newsession Ticket (4):
{ [282 bytes data]
* old SSL session ID is stale, removing
{ [5 bytes data]
< HTTP/2 307 
< content-type: text/html; charset=UTF-8
< x-robots-tag: noindex, nofollow, nosnippet
< cache-control: no-cache, no-store, max-age=0, must-revalidate
< pragma: no-cache
< expires: Mon, 01 Jan 1990 00:00:00 GMT
< date: Wed, 08 Jan 2025 18:50:29 GMT
< location: https://doc-00-bg-sheets.googleusercontent.com/export/54bogvaave6cua4cdnls17ksc4/fg5lotfflg82donkn347jn1sbg/1736362225000/116651206722743729169/*/13U87Sm6e6Fh1SWipl_y_Hi6r2zxfYLyTwjMMZoLjMl4?format=xlsx
< p3p: CP="This is not a P3P policy! See g.co/p3phelp for more info."
< content-security-policy: require-trusted-types-for 'script';report-uri https://csp.withgoogle.com/csp/docs-tt
< content-security-policy: frame-ancestors 'self' https://docs.google.com
< content-security-policy: base-uri 'self';object-src 'self';report-uri https://docs.google.com/spreadsheets/cspreport;script-src 'nonce-2L8IAfu1BzVjYb6kmLsTVA' 'unsafe-inline' 'strict-dynamic' https: http: 'unsafe-eval';worker-src 'self' blob:
< x-frame-options: ALLOW-FROM https://docs.google.com
< x-content-type-options: nosniff
< x-xss-protection: 1; mode=block
< server: GSE
< set-cookie: NID=520=mpVuQrAfOHTwEl-sQPhI4xbAQJz9qXeRt2a2Eu7vN0i19M82NbS5Fa-wVd16aTnpZf_wpA9-4ZNjHfNKYXRsvOmhEFOI81-UyGq6yyEXL3OqInfcMFQegGUhcSINtTMXCZPKe2VKBEPk1dPb0fxq4D1hKZPscUQcIk7B6Gd5-ouwgbiYDQ; expires=Thu, 10-Jul-2025 18:50:29 GMT; path=/; domain=.google.com; HttpOnly
< set-cookie: COMPASS=apps-spreadsheets=CmUACWuJV_mqjuekIUVhg8zhII_uIE2hE6PEl2M2JZ6YP6ddPSVms32MMzPqFamRmsSgiznJkE6nGjHl3AL2lS9La9BuV0odENsTzyPXizT2_QF8wu5nWoamlGBf0hNtEBvOPm_QIBCFrvu7Bhp2AAlriVdMhSQ9I5I-Hvw_TkWiNfydhIvpy0YFFWIUWQ02KXBNVpIm4pwgsFP5WuRuWi9S52aSK95XurDfv5O4rHKgDnXPMIoF2vEeGW1DJsk_Lxb212LvJg6Jy2NH-X-B3N6tzk1l_FNw16wNM5a4sFVe1QPZSw==; Domain=.docs.google.com; Expires=Wed, 08-Jan-2025 19:50:29 GMT; Path=/spreadsheets/d/13U87Sm6e6Fh1SWipl_y_Hi6r2zxfYLyTwjMMZoLjMl4; Secure; HttpOnly; SameSite=none
< alt-svc: h3=":443"; ma=2592000,h3-29=":443"; ma=2592000
< accept-ranges: none
< vary: Accept-Encoding
< x-l2-request-path: l2-managed-6
< 
* Ignoring the response-body
100   413    0   413    0     0    477      0 --:--:-- --:--:-- --:--:--   478
* Connection #0 to host docs.google.com left intact
* Issue another request to this URL: 'https://doc-00-bg-sheets.googleusercontent.com/export/54bogvaave6cua4cdnls17ksc4/fg5lotfflg82donkn347jn1sbg/1736362225000/116651206722743729169/*/13U87Sm6e6Fh1SWipl_y_Hi6r2zxfYLyTwjMMZoLjMl4?format=xlsx'
* Host doc-00-bg-sheets.googleusercontent.com:443 was resolved.
* IPv6: 2607:f8b0:4008:809::2001
* IPv4: 192.178.50.65
*   Trying 192.178.50.65:443...
* Connected to doc-00-bg-sheets.googleusercontent.com (192.178.50.65) port 443
* ALPN: curl offers h2,http/1.1
} [5 bytes data]
* TLSv1.3 (OUT), TLS handshake, Client hello (1):
} [512 bytes data]
*  CAfile: /etc/ssl/certs/ca-certificates.crt
*  CApath: /etc/ssl/certs
  0     0    0     0    0     0      0      0 --:--:--  0:00:01 --:--:--     0{ [5 bytes data]
* TLSv1.3 (IN), TLS handshake, Server hello (2):
{ [122 bytes data]
* TLSv1.3 (IN), TLS handshake, Encrypted Extensions (8):
{ [15 bytes data]
* TLSv1.3 (IN), TLS handshake, Certificate (11):
{ [8910 bytes data]
* TLSv1.3 (IN), TLS handshake, CERT verify (15):
{ [78 bytes data]
* TLSv1.3 (IN), TLS handshake, Finished (20):
{ [52 bytes data]
* TLSv1.3 (OUT), TLS change cipher, Change cipher spec (1):
} [1 bytes data]
* TLSv1.3 (OUT), TLS handshake, Finished (20):
} [52 bytes data]
* SSL connection using TLSv1.3 / TLS_AES_256_GCM_SHA384 / X25519 / id-ecPublicKey
* ALPN: server accepted h2
* Server certificate:
*  subject: CN=*.googleusercontent.com
*  start date: Dec  2 08:36:53 2024 GMT
*  expire date: Feb 24 08:36:52 2025 GMT
*  subjectAltName: host "doc-00-bg-sheets.googleusercontent.com" matched cert's "*.googleusercontent.com"
*  issuer: C=US; O=Google Trust Services; CN=WR2
*  SSL certificate verify ok.
*   Certificate level 0: Public key type EC/prime256v1 (256/128 Bits/secBits), signed using sha256WithRSAEncryption
*   Certificate level 1: Public key type RSA (2048/112 Bits/secBits), signed using sha256WithRSAEncryption
*   Certificate level 2: Public key type RSA (4096/152 Bits/secBits), signed using sha384WithRSAEncryption
} [5 bytes data]
* using HTTP/2
* [HTTP/2] [1] OPENED stream for https://doc-00-bg-sheets.googleusercontent.com/export/54bogvaave6cua4cdnls17ksc4/fg5lotfflg82donkn347jn1sbg/1736362225000/116651206722743729169/*/13U87Sm6e6Fh1SWipl_y_Hi6r2zxfYLyTwjMMZoLjMl4?format=xlsx
* [HTTP/2] [1] [:method: GET]
* [HTTP/2] [1] [:scheme: https]
* [HTTP/2] [1] [:authority: doc-00-bg-sheets.googleusercontent.com]
* [HTTP/2] [1] [:path: /export/54bogvaave6cua4cdnls17ksc4/fg5lotfflg82donkn347jn1sbg/1736362225000/116651206722743729169/*/13U87Sm6e6Fh1SWipl_y_Hi6r2zxfYLyTwjMMZoLjMl4?format=xlsx]
* [HTTP/2] [1] [user-agent: curl/8.5.0]
* [HTTP/2] [1] [accept: */*]
} [5 bytes data]
> GET /export/54bogvaave6cua4cdnls17ksc4/fg5lotfflg82donkn347jn1sbg/1736362225000/116651206722743729169/*/13U87Sm6e6Fh1SWipl_y_Hi6r2zxfYLyTwjMMZoLjMl4?format=xlsx HTTP/2
> Host: doc-00-bg-sheets.googleusercontent.com
> User-Agent: curl/8.5.0
> Accept: */*
> 
{ [5 bytes data]
* TLSv1.3 (IN), TLS handshake, Newsession Ticket (4):
{ [282 bytes data]
* TLSv1.3 (IN), TLS handshake, Newsession Ticket (4):
{ [282 bytes data]
* old SSL session ID is stale, removing
{ [5 bytes data]
  0     0    0     0    0     0      0      0 --:--:--  0:00:02 --:--:--     0< HTTP/2 200 
< content-type: application/vnd.openxmlformats-officedocument.spreadsheetml.sheet
< x-robots-tag: noindex, nofollow, nosnippet
< cache-control: no-cache, no-store, max-age=0, must-revalidate
< pragma: no-cache
< expires: Mon, 01 Jan 1990 00:00:00 GMT
< date: Wed, 08 Jan 2025 18:50:31 GMT
< content-disposition: attachment; filename="countries.json.xlsx"; filename*=UTF-8''countries.json.xlsx
< access-control-allow-origin: *
< access-control-expose-headers: Cache-Control,Content-Disposition,Content-Length,Content-Type,Date,Expires,Pragma,Server,Transfer-Encoding
< content-security-policy: require-trusted-types-for 'script';report-uri https://csp.withgoogle.com/csp/docs-tt
< content-security-policy: frame-ancestors 'self' https://docs.google.com
< content-security-policy: base-uri 'self';object-src 'self';report-uri https://doc-00-bg-sheets.googleusercontent.com/spreadsheets/cspreport;script-src 'nonce-QqxLhhIac2mJS72Mg_GVcA' 'unsafe-inline' 'strict-dynamic' https: http: 'unsafe-eval';worker-src 'self' blob:
< reporting-endpoints: default="/web-reports?bl=editors.spreadsheets-frontend_20241210.02_p8&context=eJwV0HtU1NUWB_Dj73f28TEzMMMw4ANURCAREEa5PgCRx_BIA7lZZ5TKvIKpGBqgkokXS4tbvq1QS8EYEBkwroaSD2yBYWkhZmpeReMWPgBR01GQ1L798Vn77L3XWXuvPeCrgXG9L7MzUNRPMqW_ZEs1klXBAa1kIXrJSuAlg2RDXSTzM0l2Ao67SxYwED3wGCLZyx6SBQ6VzAZp3pLV-UrW6y-ZLkAyA4wOlGxLkGTvh0hWOFayz8AWKlnNBMluTZSsMlKyY3DDIll3omSNSZJdAD-rZONBnSmZEZpnSfYrTH1VslS4OAd_YPi_JOufJtkgGJchWSx0LMUOYMyV7Jd8yW5C7HuSzYAb_5FswnrJEiBlg2Rz4CLcgA8_lWwH-BRKFgr2bZIdgafgtF2yWSXY34Y6NOyR7Bzk7ZOsAFyrJRsJDUdQh7Cj2BWuHpOsC5qO4w1RpzEX3Jol84VrFyS7A_aLmAUHL-EGoGmRbAjUX5XsJxjaKlkQFP4u2R7wbpNsLOyHemiEC3DzOu4Ic3sky4Yo1cpSYCm3srUweICV-cMYiIRneitzNlhZvLeVSUj1tbIMcB9tZX6gm2hlnvDNJCtrhtRw9KE2wsq-A2O0lXnDpXgruwX7EqysDoxTUYf1SVa2E1rgNuQlowZ5sxDhhflW9iocW2hlP4IuE_PgbraVsRwrWw2bYexyK4sB31wr-weIlVbmBv75VjYJrpnOMrN_hzIJut64pzyE8w33lBZ42_cP5XLrH8pv0BJ0X2mDjiCHch_OBzsUR4hDeQJxCQ4lCRbkOZS3IDbfoUyDF991KKnw_8MOpR3SMx4pb0JNeLdyDPIjupUCiJvXrSTBsI-6FT9Y49ajrINzK3qUy_DhqR5lC4Q09ygTIdnlsSKh5d3HShs0FT9WLsBQ9kzxhXyPZ0oB1OY-U74B_xXPFDMccGbqEZiRxdRXQGll6oC_pfdR277oo3aX9FGZrY96oFhRj4DyraKqXFU18PFzqvo5xL-oqslwboaqXoaNq1W1EF74QFWtsKJNVd-FcQO4GgmjvLgaAuvuTOIfQ2B7GA-FnV1hvBQyHGE8GxzJ4byxMJw3gaMynD-B5lERvHt8BGcTIvj1wgh-D8aPnMwj4YJ5Mr8Kj9MmcyV9Mq-nSH4KnmyI5LQxkvt-H8mDoEBO4ZvgB48o_jOYEqP4cGh5Poq3wdjbUTwMfIKjeSgsjI7mWfD7umj-AGz2aH67Mho7RfNq9xheC74pMTwIOhbH8Pvw0bIYvhUS82J4Cpwvj-Ft0PVlDH8Ib-6P4UvBcTeGP4GfvGL5_-Ad31j-ETxXHsuDIeBuLB8HU-FFyIcCOAlnQHcvlpvAC0bBQUcsr4NhARbuB3--ZOH8ZQufttDCZ8DStyw8Dw5kWXgD8GUWroXOTRb-AHZtsfAyqPvEwpvg3A4L_w20dRbuCstOWnjLWQtvg2-uW_h3oPOK4yaIDY3j00C-Hsdnw6JFcXwlxG-M48lQsTWOH4bWmjh-D46viudnoOZyPP8W9t-M5_UwuzuevwFfmxK4h1sCD4Ddngn8v3CxMYHfgP4XErgrFBoTeRE8GZjI-w1K5MV9n-fl0Djged4EN6EbUpOLqOGfRXQaxswrokhomI8cyhcUUS0UHCqiTaCtKyIP8IkvpkA4A9fgw93FtANOlhTTlmvF1HO_mPo8KKZDcBJmzdpNC6F07m6qgUnPdlM0HLV9QSfgnGsJXYY89xJaD0OySsgbvtpRQidg850S2g59h9nIHQ7BSeiZbKO8WBtdX2SjLjAut5E3REEKTD9ro9dhO4xQS8kMHsNKaSSEjEZMKqVx4Lm2lHzgvfJS2gpTr5RSKnwZVUbHwW9aGY2BulVl1ARrjpXRRjBX7qFoaIVbMP_HPZTduofeg_1qOdGwctKBW3g5-cKt1eX0AFbVlNP7cOVQOXWCj34vhcKU5r00HXYUVpDzjQpyh123KqgMdvUiQsuTCmqDBXo7vQ1rAu20EfpPtZMBQpLsNBEGJdtpFDSk2ek0xKyyUxKs_cRO6-FsuZ0uQdrwSsqBP_IrSVldSUe-raTTcKixkk5CyK1KioKdz1VRKfT6V5E6uop8xldRKPhnVJEZapdW0XeQWFtFK-fuozUQsmQfeUa2kw9Up7dTLRSsaqdtUAzVEL-hnUL2tlMUPK1qJ7Gvnfo1t5Me1r7SQZ9A2PcdFAf1lzvoFGQP76QpXp00HfpFdpIeDn_dSfUwrL6T_OD9hk76HNIedlLO39beppXwcPttegojdt4mMxjS75AX7F1-h46FasSPoJ2pEa6w8UuNKIKIUxrRBFehf5tGGCDzukb8_EAjroD5kUZEw8zHGvEahCzSisZMrWgCWqMVXYVa8RBKtmmFHXq3a4W6QysOfaYVR6H6klb84qwTv0Kht07sARmsEwWZOrEJnr6jE04r0c_TibugrdEJV8ju0IlcmDnYSUyb4CRegQcbnMSfsG6rk_gcsvc7ibDfnUQK7DI7izK4NM9ZvHrRWaTD223OgnU4Cz3Mve8sMqB4il5Uw8FpejF0ul5MhiT4tFQvdkHzXr04D99f0osmaL2uF_dgZrdevAbLvQziA3h9hEF4ehuE6m8QGugbYxDOEDDTIMKhPtUgTkG_EwYxECadMohoWPSDQayEA9cMogGOBrqIHyDZ4iIk_HuOi_gAdq1wEbl5LiIf3mlG7mwUZaAuMQojHM41inrwP2sU6eeMQveLUXhCyhVXMQ_8ulzFeAi86ypCofGRq2gCVWcSRnhqMAnhYhJfjDGJ_WBebxLR4F-BN7jYTWIwdBw0iV7o22YSnlB90yQqOk0if5Cb2ASfBruJz8Cj2E14wXibmyhrcRMHIXOZu1gF7hkDxRCoih8sXDT9Hm3uPSL0tdvOzhgsLLlLFmfljAhIT1uQszgrOyh7SVb6nLTs-enpOdmB87IWZ-akZ6bNNgebx4WYQ4KDgs2zl0z4C1zqVY8&build-label=editors.spreadsheets-frontend_20241210.02_p8&imp-sid=COrL9q_l5ooDFaKKqwcdjS0S0w&is-cached-offline=false"
< x-frame-options: ALLOW-FROM https://docs.google.com
< x-content-type-options: nosniff
< x-xss-protection: 1; mode=block
< server: GSE
< alt-svc: h3=":443"; ma=2592000,h3-29=":443"; ma=2592000
< x-l2-request-path: l2-managed-6
< 
{ [8259 bytes data]
100  279k    0  279k    0     0   105k      0 --:--:--  0:00:02 --:--:--  195k
* Connection #1 to host doc-00-bg-sheets.googleusercontent.com left intact
