  % Total    % Received % Xferd  Average Speed   Time    Time     Time  Current
                                 Dload  Upload   Total   Spent    Left  Speed
  0     0    0     0    0     0      0      0 --:--:-- --:--:-- --:--:--     0* Host docs.google.com:443 was resolved.
* IPv6: 2607:f8b0:4002:c03::66, 2607:f8b0:4002:c03::71, 2607:f8b0:4002:c03::8b, 2607:f8b0:4002:c03::64
* IPv4: 142.250.138.102, 142.250.138.113, 142.250.138.138, 142.250.138.139, 142.250.138.100, 142.250.138.101
*   Trying 142.250.138.102:443...
* Connected to docs.google.com (142.250.138.102) port 443
* ALPN: curl offers h2,http/1.1
} [5 bytes data]
* TLSv1.3 (OUT), TLS handshake, Client hello (1):
} [512 bytes data]
*  CAfile: /etc/ssl/certs/ca-certificates.crt
*  CApath: /etc/ssl/certs
{ [5 bytes data]
* TLSv1.3 (IN), TLS handshake, Server hello (2):
{ [122 bytes data]
* TLSv1.3 (IN), TLS handshake, Encrypted Extensions (8):
{ [15 bytes data]
* TLSv1.3 (IN), TLS handshake, Certificate (11):
{ [6298 bytes data]
* TLSv1.3 (IN), TLS handshake, CERT verify (15):
{ [80 bytes data]
* TLSv1.3 (IN), TLS handshake, Finished (20):
{ [52 bytes data]
* TLSv1.3 (OUT), TLS change cipher, Change cipher spec (1):
} [1 bytes data]
* TLSv1.3 (OUT), TLS handshake, Finished (20):
} [52 bytes data]
* SSL connection using TLSv1.3 / TLS_AES_256_GCM_SHA384 / X25519 / id-ecPublicKey
* ALPN: server accepted h2
* Server certificate:
*  subject: CN=*.google.com
*  start date: Dec  9 08:36:18 2024 GMT
*  expire date: Mar  3 08:36:17 2025 GMT
*  subjectAltName: host "docs.google.com" matched cert's "*.google.com"
*  issuer: C=US; O=Google Trust Services; CN=WR2
*  SSL certificate verify ok.
*   Certificate level 0: Public key type EC/prime256v1 (256/128 Bits/secBits), signed using sha256WithRSAEncryption
*   Certificate level 1: Public key type RSA (2048/112 Bits/secBits), signed using sha256WithRSAEncryption
*   Certificate level 2: Public key type RSA (4096/152 Bits/secBits), signed using sha384WithRSAEncryption
} [5 bytes data]
* using HTTP/2
* [HTTP/2] [1] OPENED stream for https://docs.google.com/spreadsheets/d/13U87Sm6e6Fh1SWipl_y_Hi6r2zxfYLyTwjMMZoLjMl4/export?format=xlsx
* [HTTP/2] [1] [:method: GET]
* [HTTP/2] [1] [:scheme: https]
* [HTTP/2] [1] [:authority: docs.google.com]
* [HTTP/2] [1] [:path: /spreadsheets/d/13U87Sm6e6Fh1SWipl_y_Hi6r2zxfYLyTwjMMZoLjMl4/export?format=xlsx]
* [HTTP/2] [1] [user-agent: curl/8.5.0]
* [HTTP/2] [1] [accept: */*]
} [5 bytes data]
> GET /spreadsheets/d/13U87Sm6e6Fh1SWipl_y_Hi6r2zxfYLyTwjMMZoLjMl4/export?format=xlsx HTTP/2
> Host: docs.google.com
> User-Agent: curl/8.5.0
> Accept: */*
> 
{ [5 bytes data]
* TLSv1.3 (IN), TLS handshake, Newsession Ticket (4):
{ [282 bytes data]
* TLSv1.3 (IN), TLS handshake, Newsession Ticket (4):
{ [282 bytes data]
* old SSL session ID is stale, removing
{ [5 bytes data]
  0     0    0     0    0     0      0      0 --:--:--  0:00:01 --:--:--     0< HTTP/2 307 
< content-type: text/html; charset=UTF-8
< x-robots-tag: noindex, nofollow, nosnippet
< cache-control: no-cache, no-store, max-age=0, must-revalidate
< pragma: no-cache
< expires: Mon, 01 Jan 1990 00:00:00 GMT
< date: Thu, 09 Jan 2025 19:10:58 GMT
< location: https://doc-0c-00-sheets.googleusercontent.com/export/54bogvaave6cua4cdnls17ksc4/icha55lhnam2msmog5ev0t9054/1736449855000/110029145150287616200/*/13U87Sm6e6Fh1SWipl_y_Hi6r2zxfYLyTwjMMZoLjMl4?format=xlsx
< p3p: CP="This is not a P3P policy! See g.co/p3phelp for more info."
< content-security-policy: require-trusted-types-for 'script';report-uri https://csp.withgoogle.com/csp/docs-tt
< content-security-policy: frame-ancestors 'self' https://docs.google.com
< content-security-policy: base-uri 'self';object-src 'self';report-uri https://docs.google.com/spreadsheets/cspreport;script-src 'nonce-O9MDuFJCLmOlsPLDHCUu-A' 'unsafe-inline' 'strict-dynamic' https: http: 'unsafe-eval';worker-src 'self' blob:
< x-frame-options: ALLOW-FROM https://docs.google.com
< x-content-type-options: nosniff
< x-xss-protection: 1; mode=block
< server: GSE
< set-cookie: NID=520=HVKrcvymVlF5eDcNg1eanO2ahjpOewqBd14-w5Oh-8d1eJSuySn6hQ6mZN1VODui8ycNUGTQGfqNwtmex8vD0ljSBuHTtQyzZcARlLmAsHQW54heK0tURV4DdFZVD9u2W2QjEsANPRSY_zMWmGEBnKNEQJ-jH7eKFPGXMAVM2crTMgK_G6z0LuA; expires=Fri, 11-Jul-2025 19:10:57 GMT; path=/; domain=.google.com; HttpOnly
< set-cookie: COMPASS=apps-spreadsheets=CmUACWuJVwF0CtPvGH643ZRrnQv_og5IJK_2YEBFK2YkxG5pIfs_kmX2j6BxOWKzf2C7JSFN_I3CMQFhej0t8YNguoAg0ESP3ugJMpsm7V3x8uNL8nLsFoojsopyxUyUmwlswnt5zBDS2oC8Bhp2AAlriVfSCStcEDnX1OsUukSaRI4q2Lij5cVa948Rda-wL-3JO0SeSUUojVXiIgubUfQOZEulie-4FXbwdb902izjtPhl6wSg26Jvl1swb3WCIZB82F-Lj1AO2gtSfUXHX45sC9KK9trqF921sHY9Qg5_jAwBRQ==; Domain=.docs.google.com; Expires=Thu, 09-Jan-2025 20:10:58 GMT; Path=/spreadsheets/d/13U87Sm6e6Fh1SWipl_y_Hi6r2zxfYLyTwjMMZoLjMl4; Secure; HttpOnly; SameSite=none
< alt-svc: h3=":443"; ma=2592000,h3-29=":443"; ma=2592000
< accept-ranges: none
< vary: Accept-Encoding
< x-l2-request-path: l2-managed-6
< 
* Ignoring the response-body
100   413    0   413    0     0    360      0 --:--:--  0:00:01 --:--:--   360
* Connection #0 to host docs.google.com left intact
* Issue another request to this URL: 'https://doc-0c-00-sheets.googleusercontent.com/export/54bogvaave6cua4cdnls17ksc4/icha55lhnam2msmog5ev0t9054/1736449855000/110029145150287616200/*/13U87Sm6e6Fh1SWipl_y_Hi6r2zxfYLyTwjMMZoLjMl4?format=xlsx'
* Host doc-0c-00-sheets.googleusercontent.com:443 was resolved.
* IPv6: 2607:f8b0:4002:c0f::84
* IPv4: 142.251.116.132
*   Trying 142.251.116.132:443...
* Connected to doc-0c-00-sheets.googleusercontent.com (142.251.116.132) port 443
* ALPN: curl offers h2,http/1.1
} [5 bytes data]
* TLSv1.3 (OUT), TLS handshake, Client hello (1):
} [512 bytes data]
*  CAfile: /etc/ssl/certs/ca-certificates.crt
*  CApath: /etc/ssl/certs
{ [5 bytes data]
* TLSv1.3 (IN), TLS handshake, Server hello (2):
{ [122 bytes data]
  0     0    0     0    0     0      0      0 --:--:--  0:00:01 --:--:--     0* TLSv1.3 (IN), TLS handshake, Encrypted Extensions (8):
{ [15 bytes data]
* TLSv1.3 (IN), TLS handshake, Certificate (11):
{ [8910 bytes data]
* TLSv1.3 (IN), TLS handshake, CERT verify (15):
{ [79 bytes data]
* TLSv1.3 (IN), TLS handshake, Finished (20):
{ [52 bytes data]
* TLSv1.3 (OUT), TLS change cipher, Change cipher spec (1):
} [1 bytes data]
* TLSv1.3 (OUT), TLS handshake, Finished (20):
} [52 bytes data]
* SSL connection using TLSv1.3 / TLS_AES_256_GCM_SHA384 / X25519 / id-ecPublicKey
* ALPN: server accepted h2
* Server certificate:
*  subject: CN=*.googleusercontent.com
*  start date: Dec  9 08:37:14 2024 GMT
*  expire date: Mar  3 08:37:13 2025 GMT
*  subjectAltName: host "doc-0c-00-sheets.googleusercontent.com" matched cert's "*.googleusercontent.com"
*  issuer: C=US; O=Google Trust Services; CN=WR2
*  SSL certificate verify ok.
*   Certificate level 0: Public key type EC/prime256v1 (256/128 Bits/secBits), signed using sha256WithRSAEncryption
*   Certificate level 1: Public key type RSA (2048/112 Bits/secBits), signed using sha256WithRSAEncryption
*   Certificate level 2: Public key type RSA (4096/152 Bits/secBits), signed using sha384WithRSAEncryption
} [5 bytes data]
* using HTTP/2
* [HTTP/2] [1] OPENED stream for https://doc-0c-00-sheets.googleusercontent.com/export/54bogvaave6cua4cdnls17ksc4/icha55lhnam2msmog5ev0t9054/1736449855000/110029145150287616200/*/13U87Sm6e6Fh1SWipl_y_Hi6r2zxfYLyTwjMMZoLjMl4?format=xlsx
* [HTTP/2] [1] [:method: GET]
* [HTTP/2] [1] [:scheme: https]
* [HTTP/2] [1] [:authority: doc-0c-00-sheets.googleusercontent.com]
* [HTTP/2] [1] [:path: /export/54bogvaave6cua4cdnls17ksc4/icha55lhnam2msmog5ev0t9054/1736449855000/110029145150287616200/*/13U87Sm6e6Fh1SWipl_y_Hi6r2zxfYLyTwjMMZoLjMl4?format=xlsx]
* [HTTP/2] [1] [user-agent: curl/8.5.0]
* [HTTP/2] [1] [accept: */*]
} [5 bytes data]
> GET /export/54bogvaave6cua4cdnls17ksc4/icha55lhnam2msmog5ev0t9054/1736449855000/110029145150287616200/*/13U87Sm6e6Fh1SWipl_y_Hi6r2zxfYLyTwjMMZoLjMl4?format=xlsx HTTP/2
> Host: doc-0c-00-sheets.googleusercontent.com
> User-Agent: curl/8.5.0
> Accept: */*
> 
{ [5 bytes data]
* TLSv1.3 (IN), TLS handshake, Newsession Ticket (4):
{ [282 bytes data]
* TLSv1.3 (IN), TLS handshake, Newsession Ticket (4):
{ [282 bytes data]
* old SSL session ID is stale, removing
{ [5 bytes data]
  0     0    0     0    0     0      0      0 --:--:--  0:00:03 --:--:--     0< HTTP/2 200 
< content-type: application/vnd.openxmlformats-officedocument.spreadsheetml.sheet
< x-robots-tag: noindex, nofollow, nosnippet
< cache-control: no-cache, no-store, max-age=0, must-revalidate
< pragma: no-cache
< expires: Mon, 01 Jan 1990 00:00:00 GMT
< date: Thu, 09 Jan 2025 19:11:00 GMT
< content-disposition: attachment; filename="countries.json.xlsx"; filename*=UTF-8''countries.json.xlsx
< access-control-allow-origin: *
< access-control-expose-headers: Cache-Control,Content-Disposition,Content-Length,Content-Type,Date,Expires,Pragma,Server,Transfer-Encoding
< content-security-policy: require-trusted-types-for 'script';report-uri https://csp.withgoogle.com/csp/docs-tt
< content-security-policy: frame-ancestors 'self' https://docs.google.com
< content-security-policy: base-uri 'self';object-src 'self';report-uri https://doc-0c-00-sheets.googleusercontent.com/spreadsheets/cspreport;script-src 'nonce-8Yye1Y8J4J-s7ZIORQx0Hw' 'unsafe-inline' 'strict-dynamic' https: http: 'unsafe-eval';worker-src 'self' blob:
{ [1 bytes data]
< reporting-endpoints: default="/web-reports?bl=editors.spreadsheets-frontend_20250102.01_p2&context=eJwV0H1Y1MUWB_Dx95sZX3aX3WXZxVQ0JEARkF3logISuywvaSBXc1apzCuYhqkBKil4sbS4pmJaoaSCseDCgnL1ouQL9oCBaSFmal5F4xa-8Kama6Cpfe8fn2dmzjnznDMz5N7Q2CezyTkoHiSINFiQNQpBquGQUhCjRpBSeE0ryEh3Qfz1gpyCk56CBA4VpAIMwwWZPUKQoJGC2CHVR5B6P0GeBAiiChREC-OCBNkWLMhHRkEKJwjyJdhDBamdJMidyYJURQlyAm5ZBelLEKQpUZBL4G8TJAzkOYLooHWuIL_AtDcESYHL83EHXvyHIINTBXkBJqYLEgNdKzAD6LIF-TlPkNsQ86Egs2DSZkHiIXmLIPPhMtyCjV8IUgS-hYKEgnOHIMfgGbjtRN1u1MHcUrzBjjw07hPkAuTuFyQfPGoEeQkajyEO4ccxL7SdEKQHWk4Kch2iz6I_GFoF8YMblwS5C87L6AmHr-AfYEibIMOg4bogP8LIdkGCofA3QfaBT4cgE-AgNEATXILbN_GXsKBfkEyIlm0kGVZQG9kAw4bYSACMhyh4rrERtdZG4nxsRECKn42kg-c4G_EH1WQb8YJvpthIK6REIA91kTZyGnRmG_GBK3E2cgf2x9tIPeimIQ6bE21kN7RBD-QmIQa5c7HCq4ts5A1QLUUfuJdpIyTLRtbBpzBhlY1YwC_bRv4GPMdGDBCQZyNT4Ib-PDEFdElToPft-9IjuNh4X2qD9_1-l662_y79Cm3BD6QO6Ap2SQ_gYohLchld0lOIjXdJibA41yW9BzF5Lmk6zPzAJaXA_466pE5IS_9DehdqI_qkE5AX2SflQ-zCPikRRn3SJ_nDekO_tAkurO6XrsLGM_3SNjC29kuTIcn9sSSg7YPHUge0lDyWLsFI8lzyg7wRz6V8qMt-Ln0DAaufSyY4pCbyMZiVQeTXQWon8pD_Sxsgd3w1QO4rHSAT-wD5UIkkHwPpW0mWqSwr4LMxsrwL4mbKchJcmCXLV6FgnSwXwqsfy7INVnfI8gcwcQiVo2CsN5WNsOnuFPoZBHWG01DY3RtOyyDdFU4zwZUUQZsKI2gLuKoi6FNoHRtJ-8IiKZkUSW8WRtL7EPbSVBoFl0xT6XV4nDqVSmlTaQOLomfg6ZYoygqiqN93UTQY8sXLdCt8PyKa_gT6hGj6IrS9Ek07YEJPNA0H3xAzDYV3zGaaAb9tMtOHYHeaaU-VGTOZaY2nhdaBX7KFBoNrmYU-hU9WWuh2SMi10GS4XGChN-Ciw0I7oPeAhT6Cdw9a6Apw3cM9-NE7hv4X1vjF0E9gjCOGhkDgvRg6EabBTNgI26AZzoHn_Rg6CrxhLBx2xdB6GBVopf7w52tWSmdb6fR3rHQWrHjPSnPhUIaVNgJdaaVKeLTVSp_Bnm1WWg71n1tpC1wostJfQVlvpR6wstlK285baQd8c9NKT4PKO5bqISY0lk4H8VYsnQdLlsTSHIgriKVJULk9lh6F9tpYeh9Oro2j56D2ahz9Fg7ejqMNMK8vjr4NX-vj6QhDPA2EvV7x9N9wuSme3oLBl-KpBxTqEmgxPB2aQAe9kEBLBr5CHdA05BXaArehD1KSilnj34vZWRi_sJhFQeMinMGxuJjVQf6RYrYVlPXFbAT4xpWwIDgHN2Dj3hJWBM2lJWzbjRLW_6CEDXhYwo5AM8ydu5e9A2UL9rJamPJ8LzPDcftX7BRc8ChlVyHXs5RthuEZpcwH_lNUyk7Bp3dL2U4YOMrOPOEINEP_VDvLjbGzm0vsrBd0q-zMB6IhGWact7O3YCeMlsuYCYzjythLiWVsInhtKGO-8KGjjG2HadfKWAociC5nJ8F_ejkbD_Vry1kLrD9RzgrAVLWPmaEd7sCiH_axzPZ97EM4KDsYG-VgKjBEOJgf3FnnYA9hba2DfQTXjjhYN_hqKlgovNxawWZAUWElU9-qZJ6w504lK4c9T7BC29NK1gGLNU72PqwPcrICGDzNybRgTHSyyfBCkpONhcZUJzsLlrVOlggbPneyzXDe4WRXIPXFKpYFv-dVMWldFTv2bRU7C0eaqlgzGO9UsWjYPaaalcGTgGomj6tmvmHVLBQC0quZCepWVLPTkFBXzXIW7Gfrwbh8P_OK6mS-UJPWyeogf20n2wElUANxWzqZsaKTRcOz6k7G93eyQa2dTAMbXu9in0P4d10sFhqudrEz8LJ3N5sBg6K6mQaOft3NGmBUQzfzh48au9kuSH3UzbLA4tXDZkLWhh6WA4929rBnMHp3DzOBNu0u84aKVXfZiVAF_wGUcxTcAwoOKHgxRJ5R8Ba4DoM7FFwLS28q-E8PFfwamP5QcDPMeazgb4JxiZK3LlXyn4GtV_LeQiV_BKU7lNwJT3YquVyk5Ee-VPLjUHMFtWoV_wUKfVR8H4gQFc9fquJb4dkaFXfLQT5Xxe-BslbFPSCzS8WzYc4wNz59kht_HR5uceN_wqbtbnwXZB504-G_ufFk2GNS83K4slDNhxeruQ-8cVnN0-D9DjUnXWqugQUP1DwdDk_X8JEzNHwqJMIXZRq-B1orNPwifHdFw1ug_aaG34c5fRr-Jqzy1vKP4a3RWu7lo-VygJYrYKBFy9UQOEfLI6AhRcvPwKBTWj4UppzRcjMs-V7Lc-DQDS1vhONB7vx7SLK6cwH_nO_OP4Y9q915dq47z4M1re7codbxGlgQpuPp4DZJxw2QM1_H14O8XMd1cDRbxxsg4LyOp13QcdXPOu4Fydc8-ELw7_XgYRB0z4OHQtMfHrwFivo9eCXIKj3XQSpkwTOtnnN3PS8dr-eHwLRZz80QUIk9uDv1fBh0HdbzJzCwQ8-9oOa2nld267nd18Ar4F-BBr4FdoUY-F6ogP0wosTAvSHMbuDN1wz8HJS3GfhheHelJ88Fz_ShfDi4Kwadqs87zjWne50xw7g1e_myjKzRgWmpi7OWZWQGZy7PSJufmrkoLS0rM2hhxrKlWWlLU-eZQkyhIcYQU3CIcd5y018BQ2ZM&build-label=editors.spreadsheets-frontend_20250102.01_p2&imp-sid=CLyX1uir6YoDFdirTwkdV3QcTw&is-cached-offline=false"
< document-policy: include-js-call-stacks-in-crash-reports
< x-frame-options: ALLOW-FROM https://docs.google.com
< x-content-type-options: nosniff
< x-xss-protection: 1; mode=block
< server: GSE
< alt-svc: h3=":443"; ma=2592000,h3-29=":443"; ma=2592000
< x-l2-request-path: l2-managed-6
< 
{ [1 bytes data]
100 42449    0 42449    0     0  11604      0 --:--:--  0:00:03 --:--:-- 21363100  324k    0  324k    0     0  71325      0 --:--:--  0:00:04 --:--:--  108k100  410k    0  410k    0     0  86368      0 --:--:--  0:00:04 --:--:--  128k
* Connection #1 to host doc-0c-00-sheets.googleusercontent.com left intact
