  % Total    % Received % Xferd  Average Speed   Time    Time     Time  Current
                                 Dload  Upload   Total   Spent    Left  Speed
  0     0    0     0    0     0      0      0 --:--:-- --:--:-- --:--:--     0* Host docs.google.com:443 was resolved.
* IPv6: 2607:f8b0:4006:81f::200e
* IPv4: 142.251.32.110
*   Trying 142.251.32.110:443...
* Connected to docs.google.com (142.251.32.110) port 443
* ALPN: curl offers h2,http/1.1
} [5 bytes data]
* TLSv1.3 (OUT), TLS handshake, Client hello (1):
} [512 bytes data]
*  CAfile: /etc/ssl/certs/ca-certificates.crt
*  CApath: /etc/ssl/certs
{ [5 bytes data]
* TLSv1.3 (IN), TLS handshake, Server hello (2):
{ [122 bytes data]
* TLSv1.3 (IN), TLS handshake, Encrypted Extensions (8):
{ [15 bytes data]
* TLSv1.3 (IN), TLS handshake, Certificate (11):
{ [6298 bytes data]
* TLSv1.3 (IN), TLS handshake, CERT verify (15):
{ [80 bytes data]
* TLSv1.3 (IN), TLS handshake, Finished (20):
{ [52 bytes data]
* TLSv1.3 (OUT), TLS change cipher, Change cipher spec (1):
} [1 bytes data]
* TLSv1.3 (OUT), TLS handshake, Finished (20):
} [52 bytes data]
* SSL connection using TLSv1.3 / TLS_AES_256_GCM_SHA384 / X25519 / id-ecPublicKey
* ALPN: server accepted h2
* Server certificate:
*  subject: CN=*.google.com
*  start date: Dec  2 08:35:57 2024 GMT
*  expire date: Feb 24 08:35:56 2025 GMT
*  subjectAltName: host "docs.google.com" matched cert's "*.google.com"
*  issuer: C=US; O=Google Trust Services; CN=WR2
*  SSL certificate verify ok.
*   Certificate level 0: Public key type EC/prime256v1 (256/128 Bits/secBits), signed using sha256WithRSAEncryption
*   Certificate level 1: Public key type RSA (2048/112 Bits/secBits), signed using sha256WithRSAEncryption
*   Certificate level 2: Public key type RSA (4096/152 Bits/secBits), signed using sha384WithRSAEncryption
} [5 bytes data]
* using HTTP/2
  0     0    0     0    0     0      0      0 --:--:-- --:--:-- --:--:--     0* [HTTP/2] [1] OPENED stream for https://docs.google.com/spreadsheets/d/13U87Sm6e6Fh1SWipl_y_Hi6r2zxfYLyTwjMMZoLjMl4/export?format=xlsx
* [HTTP/2] [1] [:method: GET]
* [HTTP/2] [1] [:scheme: https]
* [HTTP/2] [1] [:authority: docs.google.com]
* [HTTP/2] [1] [:path: /spreadsheets/d/13U87Sm6e6Fh1SWipl_y_Hi6r2zxfYLyTwjMMZoLjMl4/export?format=xlsx]
* [HTTP/2] [1] [user-agent: curl/8.5.0]
* [HTTP/2] [1] [accept: */*]
} [5 bytes data]
> GET /spreadsheets/d/13U87Sm6e6Fh1SWipl_y_Hi6r2zxfYLyTwjMMZoLjMl4/export?format=xlsx HTTP/2
> Host: docs.google.com
> User-Agent: curl/8.5.0
> Accept: */*
> 
{ [5 bytes data]
* TLSv1.3 (IN), TLS handshake, Newsession Ticket (4):
{ [282 bytes data]
* TLSv1.3 (IN), TLS handshake, Newsession Ticket (4):
{ [282 bytes data]
* old SSL session ID is stale, removing
{ [5 bytes data]
< HTTP/2 307 
< content-type: text/html; charset=UTF-8
< x-robots-tag: noindex, nofollow, nosnippet
< cache-control: no-cache, no-store, max-age=0, must-revalidate
< pragma: no-cache
< expires: Mon, 01 Jan 1990 00:00:00 GMT
< date: Tue, 07 Jan 2025 02:24:24 GMT
< location: https://doc-00-bg-sheets.googleusercontent.com/export/54bogvaave6cua4cdnls17ksc4/linetor0a4ampeuogodgvo4nis/1736216660000/116651206722743729169/*/13U87Sm6e6Fh1SWipl_y_Hi6r2zxfYLyTwjMMZoLjMl4?format=xlsx
< p3p: CP="This is not a P3P policy! See g.co/p3phelp for more info."
< content-security-policy: require-trusted-types-for 'script';report-uri https://csp.withgoogle.com/csp/docs-tt
< content-security-policy: frame-ancestors 'self' https://docs.google.com
< content-security-policy: base-uri 'self';object-src 'self';report-uri https://docs.google.com/spreadsheets/cspreport;script-src 'nonce-OMtlsY1LWDiIZxB6lh8LMw' 'unsafe-inline' 'strict-dynamic' https: http: 'unsafe-eval';worker-src 'self' blob:
< x-frame-options: ALLOW-FROM https://docs.google.com
< x-content-type-options: nosniff
< x-xss-protection: 1; mode=block
< server: GSE
< set-cookie: NID=520=KA1tAVK2LOsZ1iInhWqFOcj4OVa-0VkWhhv-0coflDl5f6nG4y8YQhrDslI17zeiQ94bxeJviHwXB6r8O58tRGSFWQHqCS4Sc2_XUehhWYJ4C7z0_HVQvpJ7pfc8qSstXyyQtSgVTaEqTzV0DLunX4kAA3zDyyoomcBjBcG52GKBdEcTdwLjCUCr; expires=Wed, 09-Jul-2025 02:24:24 GMT; path=/; domain=.google.com; HttpOnly
< set-cookie: COMPASS=apps-spreadsheets=CmUACWuJVzDeb1i8nlWqtwTa0hhT0Rmg5P5zQ6F_IY6DH0_dPqmHiAhiVJpC20i19bFJ4u1W8LCgBKsXovIuEn8CCpbLbowk-2VCwezMbfHgCEdKcLUYtCsGwcbLfw_OoNf6SQOO-BDovPK7Bhp2AAlriVdjmiZJg48BjR3eS-JHJdKXoRyb2hBF3APpUTTSMI4NCir0FhXp7ROSpVQq4dLXqd1_rqL5bOgFJuYHRiR5qwile4jXpci22L713hDMxJ2H5kLpqtkzQNBAa1QQA_ifMkdg0FNWjmVkmkA8RKVu_it7zg==; Domain=.docs.google.com; Expires=Tue, 07-Jan-2025 03:24:24 GMT; Path=/spreadsheets/d/13U87Sm6e6Fh1SWipl_y_Hi6r2zxfYLyTwjMMZoLjMl4; Secure; HttpOnly; SameSite=none
< alt-svc: h3=":443"; ma=2592000,h3-29=":443"; ma=2592000
< accept-ranges: none
< vary: Accept-Encoding
< x-l2-request-path: l2-managed-6
< 
* Ignoring the response-body
100   413    0   413    0     0    400      0 --:--:--  0:00:01 --:--:--   400
* Connection #0 to host docs.google.com left intact
* Issue another request to this URL: 'https://doc-00-bg-sheets.googleusercontent.com/export/54bogvaave6cua4cdnls17ksc4/linetor0a4ampeuogodgvo4nis/1736216660000/116651206722743729169/*/13U87Sm6e6Fh1SWipl_y_Hi6r2zxfYLyTwjMMZoLjMl4?format=xlsx'
* Host doc-00-bg-sheets.googleusercontent.com:443 was resolved.
* IPv6: 2607:f8b0:4006:808::2001
* IPv4: 142.250.80.97
*   Trying 142.250.80.97:443...
* Connected to doc-00-bg-sheets.googleusercontent.com (142.250.80.97) port 443
* ALPN: curl offers h2,http/1.1
} [5 bytes data]
* TLSv1.3 (OUT), TLS handshake, Client hello (1):
} [512 bytes data]
*  CAfile: /etc/ssl/certs/ca-certificates.crt
*  CApath: /etc/ssl/certs
{ [5 bytes data]
* TLSv1.3 (IN), TLS handshake, Server hello (2):
{ [122 bytes data]
* TLSv1.3 (IN), TLS handshake, Encrypted Extensions (8):
{ [15 bytes data]
* TLSv1.3 (IN), TLS handshake, Certificate (11):
{ [8910 bytes data]
* TLSv1.3 (IN), TLS handshake, CERT verify (15):
{ [80 bytes data]
* TLSv1.3 (IN), TLS handshake, Finished (20):
{ [52 bytes data]
* TLSv1.3 (OUT), TLS change cipher, Change cipher spec (1):
} [1 bytes data]
* TLSv1.3 (OUT), TLS handshake, Finished (20):
} [52 bytes data]
* SSL connection using TLSv1.3 / TLS_AES_256_GCM_SHA384 / X25519 / id-ecPublicKey
* ALPN: server accepted h2
* Server certificate:
*  subject: CN=*.googleusercontent.com
*  start date: Dec  2 08:36:53 2024 GMT
*  expire date: Feb 24 08:36:52 2025 GMT
*  subjectAltName: host "doc-00-bg-sheets.googleusercontent.com" matched cert's "*.googleusercontent.com"
*  issuer: C=US; O=Google Trust Services; CN=WR2
*  SSL certificate verify ok.
*   Certificate level 0: Public key type EC/prime256v1 (256/128 Bits/secBits), signed using sha256WithRSAEncryption
*   Certificate level 1: Public key type RSA (2048/112 Bits/secBits), signed using sha256WithRSAEncryption
*   Certificate level 2: Public key type RSA (4096/152 Bits/secBits), signed using sha384WithRSAEncryption
} [5 bytes data]
* using HTTP/2
* [HTTP/2] [1] OPENED stream for https://doc-00-bg-sheets.googleusercontent.com/export/54bogvaave6cua4cdnls17ksc4/linetor0a4ampeuogodgvo4nis/1736216660000/116651206722743729169/*/13U87Sm6e6Fh1SWipl_y_Hi6r2zxfYLyTwjMMZoLjMl4?format=xlsx
* [HTTP/2] [1] [:method: GET]
* [HTTP/2] [1] [:scheme: https]
* [HTTP/2] [1] [:authority: doc-00-bg-sheets.googleusercontent.com]
* [HTTP/2] [1] [:path: /export/54bogvaave6cua4cdnls17ksc4/linetor0a4ampeuogodgvo4nis/1736216660000/116651206722743729169/*/13U87Sm6e6Fh1SWipl_y_Hi6r2zxfYLyTwjMMZoLjMl4?format=xlsx]
* [HTTP/2] [1] [user-agent: curl/8.5.0]
* [HTTP/2] [1] [accept: */*]
} [5 bytes data]
> GET /export/54bogvaave6cua4cdnls17ksc4/linetor0a4ampeuogodgvo4nis/1736216660000/116651206722743729169/*/13U87Sm6e6Fh1SWipl_y_Hi6r2zxfYLyTwjMMZoLjMl4?format=xlsx HTTP/2
> Host: doc-00-bg-sheets.googleusercontent.com
> User-Agent: curl/8.5.0
> Accept: */*
> 
{ [5 bytes data]
* TLSv1.3 (IN), TLS handshake, Newsession Ticket (4):
{ [282 bytes data]
* TLSv1.3 (IN), TLS handshake, Newsession Ticket (4):
{ [282 bytes data]
* old SSL session ID is stale, removing
{ [5 bytes data]
  0     0    0     0    0     0      0      0 --:--:--  0:00:01 --:--:--     0  0     0    0     0    0     0      0      0 --:--:--  0:00:02 --:--:--     0< HTTP/2 200 
< content-type: application/vnd.openxmlformats-officedocument.spreadsheetml.sheet
< x-robots-tag: noindex, nofollow, nosnippet
< cache-control: no-cache, no-store, max-age=0, must-revalidate
< pragma: no-cache
< expires: Mon, 01 Jan 1990 00:00:00 GMT
< date: Tue, 07 Jan 2025 02:24:26 GMT
< content-disposition: attachment; filename="countries.json.xlsx"; filename*=UTF-8''countries.json.xlsx
< access-control-allow-origin: *
< access-control-expose-headers: Cache-Control,Content-Disposition,Content-Length,Content-Type,Date,Expires,Pragma,Server,Transfer-Encoding
< content-security-policy: require-trusted-types-for 'script';report-uri https://csp.withgoogle.com/csp/docs-tt
< content-security-policy: frame-ancestors 'self' https://docs.google.com
< content-security-policy: base-uri 'self';object-src 'self';report-uri https://doc-00-bg-sheets.googleusercontent.com/spreadsheets/cspreport;script-src 'nonce-lEqSyJ3tZD1rg5g3VGAC6w' 'unsafe-inline' 'strict-dynamic' https: http: 'unsafe-eval';worker-src 'self' blob:
< reporting-endpoints: default="/web-reports?bl=editors.spreadsheets-frontend_20241210.02_p8&context=eJwV0HtU1NUWB_DD73f28cEMzDAMqOEDCUgEhFGuD0DiMTzSQK7WGcWWeQVTMTRAxQdeTC0yX2lFWgrGgCMDxtWLkoq2wLAoEXOpmaFxFR88fI-Bpt5vf3zWXmfvc87e5_SvHhD_9E12Bor7Sqb0k2yJs2RVcFAjWahOslJ4Qy_ZEDfJ_I2SnYTNHpKd8JQscADqMOwlyd70kixoiGRWSPeR7LifZE8DJNMGSqaHkUGSbQuW7INQyYpGS_YlWMMkqxkn2e3xklVGSVYHN82S9SRJ1pgs2QXwt0g2FtTpkhmgZYZkf8CktyRLg4uzcQaG_UuyfumSDYQxmZLFQecSzACGPMl-LZDsFsStlWwaXPtIsnGbJEuE1M2SzYaLcBM2fC7ZTvAtkiwM7F9IdhSeg8sO3LULd8HMUrzDijo07JXsHOTvl6wQ3KslexkajiIP4ccwM7TWSdYNzSckuwLRP6E_eLRI5gdXL0h2F-wX0RMOXcJfQP0VyX6BIW2SBUPRdcn2gk-7ZKPhANRDI1yAWzfwjzCnV7IciFYtLBWWcAtbD4P6W1gAjIIoeKGzMFe9hSX4WJiEND8LywTPkRbmD9rxFjYYvptgYS2QFoE61EZa2A9giLEwH7iUYGG3YX-ihR0HwyTkYVOyhe2CVuiG_BTkIH8GIrw-z8LegroFFnYatFnoB_dyLIzlWtga-ARGL7OwWPDLs7B_gFhlYR4QUGBhE-Cq8SwzBXQqE-DOO_eVx3C-4b7SCsv9HiiX2x4o16A1-KHSDp3BDuUhnA9xKI5Qh_IM4hMdSjLMz3co70FcgUOZDFPfdyhp8L8jDqUDMjL_VN6FmogepQ4KInuUQoif26Mkw9CPexR_WOfRq2yEcyt6lcuwoalX2QahLb3KeEhxe6JIaH3_idIOzSVPlAswhL1Q_KDA64VSCLV5L5TvIGDFC8UEB12ZehSmZTN1JihtTO3_twwntf1rJ7Wn1EllVif1YImiHgXle0VVuao6w6evqOpXkDBVVVPg3DRVvQxb1qhqEbz-oapaYEW7qr4PI7y5Ggob707gn0JQRzgPg113wnkZZDrCeQ44UiJ4Y1EEbwZHZQR_Bi0jInnP2EjOxkXyG0WR_D6MfXkij4ILpon8CjxJn8iVjIm8nqJ4EzzbHMVpSxT3-zGKB0OhfJVvhXqvaN4ExqRoPgxaX4vm7TC6O5qHg29IDA-DBTExPBuub4zhj8Bqj-HdlTGYKYZXe8byWvBLjeXB0Lkolj-Ej5fG8u2QlB_LU-G8LZa3w51vYvljePdALF8Cjnux_Bn84h3Hf4OVfnH8Y3jFFsdDIPBeHB8Dk2AqbIBtcArOQC843Y_jWjCCN4yAlbAWDjni-HEYGmjm_vDXG2bO3zTzyQvMfBosec_M8-Fgtpk3AF9q5hrYvc3My-H4Z2beDOd2mvk10Bw3c3dYesrMW8-aeTt8d8PMfwCtdzw3QlxYPJ8M8u14PgsWLoznqyBhSzxPgYrt8fwItNXE8_twYnUCPwM1lxP493DgVgKvh1k9Cfwd-NaYyL08Enkg7BmcyP8DFxsT-U3odyGRu8NySuJroMiQxIvh2YAk3ndgEi_p8xq3QWP_13gz3IIeSEsppoZ_FtNPMGpuMUVBwzyswTa_mGqh8HAxbQXN8WLyAt-EEgqCM3AVNuwpoZ1wqrSEtl0tod6HJeT0qIQOwymYMWMPLYCyOXuoBia82EMxcMz6NZ2Ec-6ldBnyPUtpE7yUXUo-8N-dpXQSPrlbSjugz1ArecJhOAW9E62UH2elGwutdAcMy6zkA9GQClPOWult2AHD1TIygdfQMnoZQkciJpfRGMjKLaOlMHh9GfnCWlsZbYdJv5dRGnwTXU4nwH9yOY2CutXldBrW1ZXTFjBV7qUYaIPbMO_0Xspp20tr4YBqIxpqIy14RNjID26vsdEjWF1jow_g98M26gJf3T4Kg1db9tEU2FlUQa43K8gTdt-uoHLY_RQRWp9VUDvM19lpOawLstMW6DfJTnoITbbTeBiYYqcRcDrdTuchdrWdkmH9Z3baBGdtdroE6cMqKRceFFSSsqaSjn5fST_B4cZKOgWhtyspGna9UkVl8DSgitSRVeQ7torCICCzikxQu6SKfoBfl1fRH5BUW0Wr5uyndRC6eD8NjuogX6jO6KBaKFzdQV9ACVRDwuYOCt3XQdHwvKqDxP4O6tvSQTpYP7OTPoPwHzspHuovd1ITvOrdRVOgb1QX6eDIt11UD0Pru8gfPmjooq8g_XEX5f5tfTetgsc7uuk5DN_VTSbQZ9wlb9i37C7VhTmL06CZ7izcYcs3zqIYIpucRTNcgX7tzkIPWTecRdMjZ_ELmP50FjEw9YmzsEDoQo1oydKIX4HWacSdIo14DKVfaIQdnu7QCHWnRhz-UiOOQfUl7HXVij-gyEcr9oIM0YrCLK3YCs9XaoXLKtTzteIeaGq0wh1yOrUiD6YPchGTx7mImfBos4v4CzZudxFfQc4BFxF-3UWkwm6TqyiHS3NdxVsXXUUGLG93FazTVehgzkNXkQmHJuvEkCk6MRGS4fMyndgNLft04jz8eEknmqHthk7ch1k9OpEOy7z14kN4e7heDPbRCzVAL5yhT6xeuELgdL2IgPo0vWiCvif1YgBMaNKLGFj4s16sgoNX9aIBjgW5iZ8hxewmJPx7tpv4EHavcBN5-W6iAFa2uAmbq0FUg7rYIAxwJM8g6iHgrEFknDOI1N_dxVzwv-MuxkLQPXcRBo1_uotmULVGYYDneqMQbkZROsooDsLoTUYRCwEVRmECN7tRDILOQ0bxFPq0G8VgqL5lFAUDPcRW-CjQQ2yG0hAPYQOvEg_hDeOsHuLdpZ4iHwZkDhBumr6_lTw4KnSFLRVfOw0S5rzFi7JzhwdmpM_PXZSdE5yzODtjdnrOvIyM3JygudmLsnIzstJnmUJMY0JNoSHBIaZZi8f9H9oGWOI&build-label=editors.spreadsheets-frontend_20241210.02_p8&imp-sid=CPn9mY3H4ooDFZDrzgAdQ5o9Hg&is-cached-offline=false"
< document-policy: include-js-call-stacks-in-crash-reports
< x-frame-options: ALLOW-FROM https://docs.google.com
< x-content-type-options: nosniff
< x-xss-protection: 1; mode=block
< server: GSE
< alt-svc: h3=":443"; ma=2592000,h3-29=":443"; ma=2592000
< x-l2-request-path: l2-managed-6
< 
{ [1369 bytes data]
100  275k    0  275k    0     0  86293      0 --:--:--  0:00:03 --:--:--  163k
* Connection #1 to host doc-00-bg-sheets.googleusercontent.com left intact
